Flutter crash report.
Please report a bug at https://github.com/flutter/flutter/issues.

## command

flutter run

## exception

ShaderCompilerException: ShaderCompilerException: Shader compilation of "C:\developer\sdks\flutter\packages\flutter\lib\src\material\shaders\ink_sparkle.frag" to "build\flutter_assets\shaders/ink_sparkle.frag" failed with exit code -1073741819.



```
#0      ShaderCompiler.compileShader (package:flutter_tools/src/build_system/targets/shader_compiler.dart:78:7)
<asynchronous suspension>
#1      writeBundle.<anonymous closure> (package:flutter_tools/src/bundle_builder.dart:184:25)
<asynchronous suspension>
#2      Future.wait.<anonymous closure> (dart:async/future.dart:522:21)
<asynchronous suspension>
#3      writeBundle (package:flutter_tools/src/bundle_builder.dart:162:3)
<asynchronous suspension>
#4      WebDevFS.update (package:flutter_tools/src/isolated/devfs_web.dart:843:9)
<asynchronous suspension>
#5      ResidentWebRunner._updateDevFS (package:flutter_tools/src/isolated/resident_web_runner.dart:488:35)
<asynchronous suspension>
#6      ResidentWebRunner.run.<anonymous closure> (package:flutter_tools/src/isolated/resident_web_runner.dart:283:41)
<asynchronous suspension>
#7      asyncGuard.<anonymous closure> (package:flutter_tools/src/base/async_guard.dart:111:24)
<asynchronous suspension>
```

## flutter doctor

```
[32m[✓][39m Flutter (Channel master, 3.1.0-0.0.pre.1750, on Microsoft Windows
    [Version 10.0.22000.856], locale th-TH)
    [32m•[39m Flutter version 3.1.0-0.0.pre.1750 on channel master at
      C:\developer\sdks\flutter
    [32m•[39m Upstream repository https://github.com/flutter/flutter.git
    [32m•[39m Framework revision be3802c922 (4 weeks ago), 2022-07-19 21:27:45
      -0400
    [32m•[39m Engine revision 47aab7b574
    [32m•[39m Dart version 2.19.0 (build 2.19.0-12.0.dev)
    [32m•[39m DevTools version 2.15.0

[32m[✓][39m Android toolchain - develop for Android devices (Android SDK
    version 32.1.0-rc1)
    [32m•[39m Android SDK at C:\Users\Intel\AppData\Local\Android\sdk
    [32m•[39m Platform android-32, build-tools 32.1.0-rc1
    [32m•[39m Java binary at: C:\Program Files\Android\Android
      Studio\jre\bin\java
    [32m•[39m Java version OpenJDK Runtime Environment (build
      11.0.11+9-b60-7590822)
    [32m•[39m All Android licenses accepted.

[32m[✓][39m Chrome - develop for the web
    [32m•[39m Chrome at C:\Program Files\Google\Chrome\Application\chrome.exe

[32m[✓][39m Visual Studio - develop for Windows (Visual Studio Community 2022
    17.2.1)
    [32m•[39m Visual Studio at C:\Program Files\Microsoft Visual
      Studio\2022\Community
    [32m•[39m Visual Studio Community 2022 version 17.2.32516.85
    [32m•[39m Windows 10 SDK version 10.0.22000.0

[32m[✓][39m Android Studio (version 2021.1)
    [32m•[39m Android Studio at C:\Program Files\Android\Android Studio
    [32m•[39m Flutter plugin can be installed from:
      🔨 https://plugins.jetbrains.com/plugin/9212-flutter
    [32m•[39m Dart plugin can be installed from:
      🔨 https://plugins.jetbrains.com/plugin/6351-dart
    [32m•[39m Java version OpenJDK Runtime Environment (build
      11.0.11+9-b60-7590822)

[32m[✓][39m VS Code (version 1.70.1)
    [32m•[39m VS Code at C:\Users\Intel\AppData\Local\Programs\Microsoft VS
      Code
    [32m•[39m Flutter extension version 3.46.0

[32m[✓][39m Connected device (3 available)
    [32m•[39m Windows (desktop) • windows • windows-x64    • Microsoft Windows
      [Version 10.0.22000.856]
    [32m•[39m Chrome (web)      • chrome  • web-javascript • Google Chrome
      104.0.5112.81
    [32m•[39m Edge (web)        • edge    • web-javascript • Microsoft Edge
      104.0.1293.54

[32m[✓][39m HTTP Host Availability
    [32m•[39m All required HTTP hosts are available

[32m•[39m No issues found!
```
